<?xml version="1.0" encoding="UTF-8"?>
<testsuite name="com.example.pokemonsapp.presentation.view.list.viewmodel.PokemonListViewModelTest" tests="4" skipped="0" failures="0" errors="0" timestamp="2024-11-04T06:39:11" hostname="DESKTOP-OLGIJIS" time="0.044">
  <properties/>
  <testcase name="when filter pokemon list with empty space" classname="com.example.pokemonsapp.presentation.view.list.viewmodel.PokemonListViewModelTest" time="0.031"/>
  <testcase name="when obtain pokemon list and error" classname="com.example.pokemonsapp.presentation.view.list.viewmodel.PokemonListViewModelTest" time="0.008"/>
  <testcase name="when filter pokemon list with existing name" classname="com.example.pokemonsapp.presentation.view.list.viewmodel.PokemonListViewModelTest" time="0.001"/>
  <testcase name="when obtain pokemon list and success" classname="com.example.pokemonsapp.presentation.view.list.viewmodel.PokemonListViewModelTest" time="0.004"/>
  <system-out><![CDATA[]]></system-out>
  <system-err><![CDATA[]]></system-err>
</testsuite>
