<?xml version="1.0" encoding="UTF-8"?>
<testsuite name="com.example.pokemonsapp.ExampleUnitTest" tests="1" skipped="0" failures="0" errors="0" timestamp="2024-11-04T06:38:22" hostname="DESKTOP-OLGIJIS" time="0.006">
  <properties/>
  <testcase name="addition_isCorrect" classname="com.example.pokemonsapp.ExampleUnitTest" time="0.006"/>
  <system-out><![CDATA[]]></system-out>
  <system-err><![CDATA[]]></system-err>
</testsuite>
