<?xml version="1.0" encoding="UTF-8"?>
<testsuite name="com.example.pokemonsapp.presentation.view.detail.viewmodels.PokemonDetailViewModelTest" tests="5" skipped="0" failures="0" errors="0" timestamp="2024-11-04T06:39:11" hostname="DESKTOP-OLGIJIS" time="0.281">
  <properties/>
  <testcase name="when obtain pokemon detail and try again with already init data" classname="com.example.pokemonsapp.presentation.view.detail.viewmodels.PokemonDetailViewModelTest" time="0.263"/>
  <testcase name="when obtain error on pokemon ability detail" classname="com.example.pokemonsapp.presentation.view.detail.viewmodels.PokemonDetailViewModelTest" time="0.006"/>
  <testcase name="when obtain pokemon detail with empty name" classname="com.example.pokemonsapp.presentation.view.detail.viewmodels.PokemonDetailViewModelTest" time="0.004"/>
  <testcase name="when obtain error on pokemon detail" classname="com.example.pokemonsapp.presentation.view.detail.viewmodels.PokemonDetailViewModelTest" time="0.004"/>
  <testcase name="when obtain ability detail" classname="com.example.pokemonsapp.presentation.view.detail.viewmodels.PokemonDetailViewModelTest" time="0.004"/>
  <system-out><![CDATA[]]></system-out>
  <system-err><![CDATA[]]></system-err>
</testsuite>
